<?xml version="1.0" encoding="UTF-8"?>
<!-- Generated by org.testng.reporters.JUnitReportReporter -->
<testsuite hostname="DESKTOP-15ARI1I" failures="0" tests="2" name="com.mavendemo.Demo" time="4.743" errors="0" timestamp="2023-12-14T15:18:55 IST" skipped="0">
  <testcase classname="com.mavendemo.Demo" name="LaunchBrowser" time="4.491"/>
  <system-out/>
  <testcase classname="com.mavendemo.Demo" name="Input" time="0.252"/>
  <system-out/>
</testsuite> <!-- com.mavendemo.Demo -->
