<?xml version="1.0" encoding="UTF-8"?>
<!-- Generated by org.testng.reporters.JUnitReportReporter -->
<testsuite hostname="DESKTOP-15ARI1I" failures="0" tests="2" name="com.mavendemo.Facebook" time="9.939" errors="0" timestamp="2023-12-14T15:18:55 IST" skipped="0">
  <testcase classname="com.mavendemo.Facebook" name="credentialsValidation" time="0.308"/>
  <system-out/>
  <testcase classname="com.mavendemo.Facebook" name="LaunchBrowser" time="9.631"/>
  <system-out/>
</testsuite> <!-- com.mavendemo.Facebook -->
